<?xml version="1.0" encoding="UTF-8"?>
<testng-results ignored="0" total="0" passed="0" failed="0" skipped="0">
  <reporter-output>
  </reporter-output>
  <suite started-at="2025-07-15T23:35:57 IST" name="LambdaTest Suite" finished-at="2025-07-15T23:35:57 IST" duration-ms="64">
    <groups>
    </groups>
    <test started-at="2025-07-15T23:35:57 IST" name="LambdaTest Test" finished-at="2025-07-15T23:35:57 IST" duration-ms="64">
    </test> <!-- LambdaTest Test -->
  </suite> <!-- LambdaTest Suite -->
</testng-results>
